{"/Users/benjaminblackwellolmstead/Documents/Springboard/SpringboardUnitExercises/express-jobly/app.js": {"path":"/Users/benjaminblackwellolmstead/Documents/Springboard/SpringboardUnitExercises/express-jobly/app.js","statementMap":{"0":{"start":{"line":5,"column":16},"end":{"line":5,"column":34}},"1":{"start":{"line":6,"column":13},"end":{"line":6,"column":28}},"2":{"start":{"line":8,"column":26},"end":{"line":8,"column":51}},"3":{"start":{"line":10,"column":28},"end":{"line":10,"column":56}},"4":{"start":{"line":11,"column":19},"end":{"line":11,"column":43}},"5":{"start":{"line":12,"column":24},"end":{"line":12,"column":53}},"6":{"start":{"line":13,"column":20},"end":{"line":13,"column":45}},"7":{"start":{"line":15,"column":15},"end":{"line":15,"column":32}},"8":{"start":{"line":17,"column":12},"end":{"line":17,"column":21}},"9":{"start":{"line":19,"column":0},"end":{"line":19,"column":16}},"10":{"start":{"line":20,"column":0},"end":{"line":20,"column":24}},"11":{"start":{"line":21,"column":0},"end":{"line":21,"column":24}},"12":{"start":{"line":22,"column":0},"end":{"line":22,"column":25}},"13":{"start":{"line":24,"column":0},"end":{"line":24,"column":29}},"14":{"start":{"line":25,"column":0},"end":{"line":25,"column":39}},"15":{"start":{"line":26,"column":0},"end":{"line":26,"column":31}},"16":{"start":{"line":30,"column":0},"end":{"line":32,"column":3}},"17":{"start":{"line":31,"column":2},"end":{"line":31,"column":35}},"18":{"start":{"line":35,"column":0},"end":{"line":43,"column":3}},"19":{"start":{"line":36,"column":2},"end":{"line":36,"column":64}},"20":{"start":{"line":36,"column":39},"end":{"line":36,"column":64}},"21":{"start":{"line":37,"column":17},"end":{"line":37,"column":34}},"22":{"start":{"line":38,"column":18},"end":{"line":38,"column":29}},"23":{"start":{"line":40,"column":2},"end":{"line":42,"column":5}},"24":{"start":{"line":45,"column":0},"end":{"line":45,"column":21}}},"fnMap":{"0":{"name":"(anonymous_0)","decl":{"start":{"line":30,"column":8},"end":{"line":30,"column":9}},"loc":{"start":{"line":30,"column":34},"end":{"line":32,"column":1}},"line":30},"1":{"name":"(anonymous_1)","decl":{"start":{"line":35,"column":8},"end":{"line":35,"column":9}},"loc":{"start":{"line":35,"column":39},"end":{"line":43,"column":1}},"line":35}},"branchMap":{"0":{"loc":{"start":{"line":36,"column":2},"end":{"line":36,"column":64}},"type":"if","locations":[{"start":{"line":36,"column":2},"end":{"line":36,"column":64}},{"start":{},"end":{}}],"line":36},"1":{"loc":{"start":{"line":37,"column":17},"end":{"line":37,"column":34}},"type":"binary-expr","locations":[{"start":{"line":37,"column":17},"end":{"line":37,"column":27}},{"start":{"line":37,"column":31},"end":{"line":37,"column":34}}],"line":37}},"s":{"0":5,"1":5,"2":5,"3":5,"4":5,"5":5,"6":5,"7":5,"8":5,"9":5,"10":5,"11":5,"12":5,"13":5,"14":5,"15":5,"16":5,"17":9,"18":5,"19":53,"20":1,"21":53,"22":53,"23":53,"24":5},"f":{"0":9,"1":53},"b":{"0":[1,52],"1":[53,23]},"_coverageSchema":"1a1c01bbd47fc00a2c39e90264f33305004495a9","hash":"0dc58ece9542707ba1876a7002eb4348346a1657"}
,"/Users/benjaminblackwellolmstead/Documents/Springboard/SpringboardUnitExercises/express-jobly/config.js": {"path":"/Users/benjaminblackwellolmstead/Documents/Springboard/SpringboardUnitExercises/express-jobly/config.js","statementMap":{"0":{"start":{"line":5,"column":0},"end":{"line":5,"column":27}},"1":{"start":{"line":6,"column":0},"end":{"line":6,"column":18}},"2":{"start":{"line":8,"column":19},"end":{"line":8,"column":57}},"3":{"start":{"line":10,"column":13},"end":{"line":10,"column":38}},"4":{"start":{"line":14,"column":2},"end":{"line":16,"column":58}},"5":{"start":{"line":22,"column":27},"end":{"line":22,"column":67}},"6":{"start":{"line":24,"column":0},"end":{"line":24,"column":35}},"7":{"start":{"line":25,"column":0},"end":{"line":25,"column":46}},"8":{"start":{"line":26,"column":0},"end":{"line":26,"column":45}},"9":{"start":{"line":27,"column":0},"end":{"line":27,"column":61}},"10":{"start":{"line":28,"column":0},"end":{"line":28,"column":50}},"11":{"start":{"line":29,"column":0},"end":{"line":29,"column":19}},"12":{"start":{"line":31,"column":0},"end":{"line":36,"column":2}}},"fnMap":{"0":{"name":"getDatabaseUri","decl":{"start":{"line":13,"column":9},"end":{"line":13,"column":23}},"loc":{"start":{"line":13,"column":26},"end":{"line":17,"column":1}},"line":13}},"branchMap":{"0":{"loc":{"start":{"line":8,"column":19},"end":{"line":8,"column":57}},"type":"binary-expr","locations":[{"start":{"line":8,"column":19},"end":{"line":8,"column":41}},{"start":{"line":8,"column":45},"end":{"line":8,"column":57}}],"line":8},"1":{"loc":{"start":{"line":10,"column":13},"end":{"line":10,"column":38}},"type":"binary-expr","locations":[{"start":{"line":10,"column":13},"end":{"line":10,"column":30}},{"start":{"line":10,"column":34},"end":{"line":10,"column":38}}],"line":10},"2":{"loc":{"start":{"line":14,"column":9},"end":{"line":16,"column":57}},"type":"cond-expr","locations":[{"start":{"line":15,"column":8},"end":{"line":15,"column":34}},{"start":{"line":16,"column":8},"end":{"line":16,"column":57}}],"line":14},"3":{"loc":{"start":{"line":16,"column":8},"end":{"line":16,"column":57}},"type":"binary-expr","locations":[{"start":{"line":16,"column":8},"end":{"line":16,"column":32}},{"start":{"line":16,"column":36},"end":{"line":16,"column":57}}],"line":16},"4":{"loc":{"start":{"line":22,"column":27},"end":{"line":22,"column":67}},"type":"cond-expr","locations":[{"start":{"line":22,"column":61},"end":{"line":22,"column":62}},{"start":{"line":22,"column":65},"end":{"line":22,"column":67}}],"line":22}},"s":{"0":11,"1":11,"2":11,"3":11,"4":21,"5":11,"6":11,"7":11,"8":11,"9":11,"10":11,"11":11,"12":11},"f":{"0":21},"b":{"0":[11,10],"1":[11,10],"2":[18,3],"3":[3,1],"4":[10,1]},"_coverageSchema":"1a1c01bbd47fc00a2c39e90264f33305004495a9","hash":"ce4de6df7fdbd9c7387045fec3bcd394be17f223"}
,"/Users/benjaminblackwellolmstead/Documents/Springboard/SpringboardUnitExercises/express-jobly/db.js": {"path":"/Users/benjaminblackwellolmstead/Documents/Springboard/SpringboardUnitExercises/express-jobly/db.js","statementMap":{"0":{"start":{"line":3,"column":19},"end":{"line":3,"column":32}},"1":{"start":{"line":4,"column":27},"end":{"line":4,"column":46}},"2":{"start":{"line":8,"column":0},"end":{"line":19,"column":1}},"3":{"start":{"line":9,"column":2},"end":{"line":14,"column":5}},"4":{"start":{"line":16,"column":2},"end":{"line":18,"column":5}},"5":{"start":{"line":21,"column":0},"end":{"line":21,"column":13}},"6":{"start":{"line":23,"column":0},"end":{"line":23,"column":20}}},"fnMap":{},"branchMap":{"0":{"loc":{"start":{"line":8,"column":0},"end":{"line":19,"column":1}},"type":"if","locations":[{"start":{"line":8,"column":0},"end":{"line":19,"column":1}},{"start":{"line":15,"column":7},"end":{"line":19,"column":1}}],"line":8}},"s":{"0":8,"1":8,"2":8,"3":0,"4":8,"5":8,"6":8},"f":{},"b":{"0":[0,8]},"_coverageSchema":"1a1c01bbd47fc00a2c39e90264f33305004495a9","hash":"5ecb417bc9879d055f4fe6c991700a56677602dd"}
,"/Users/benjaminblackwellolmstead/Documents/Springboard/SpringboardUnitExercises/express-jobly/expressError.js": {"path":"/Users/benjaminblackwellolmstead/Documents/Springboard/SpringboardUnitExercises/express-jobly/expressError.js","statementMap":{"0":{"start":{"line":9,"column":4},"end":{"line":9,"column":12}},"1":{"start":{"line":10,"column":4},"end":{"line":10,"column":27}},"2":{"start":{"line":11,"column":4},"end":{"line":11,"column":25}},"3":{"start":{"line":19,"column":4},"end":{"line":19,"column":24}},"4":{"start":{"line":27,"column":4},"end":{"line":27,"column":24}},"5":{"start":{"line":35,"column":4},"end":{"line":35,"column":24}},"6":{"start":{"line":43,"column":4},"end":{"line":43,"column":24}},"7":{"start":{"line":47,"column":0},"end":{"line":53,"column":2}}},"fnMap":{"0":{"name":"(anonymous_0)","decl":{"start":{"line":8,"column":2},"end":{"line":8,"column":3}},"loc":{"start":{"line":8,"column":31},"end":{"line":12,"column":3}},"line":8},"1":{"name":"(anonymous_1)","decl":{"start":{"line":18,"column":2},"end":{"line":18,"column":3}},"loc":{"start":{"line":18,"column":37},"end":{"line":20,"column":3}},"line":18},"2":{"name":"(anonymous_2)","decl":{"start":{"line":26,"column":2},"end":{"line":26,"column":3}},"loc":{"start":{"line":26,"column":40},"end":{"line":28,"column":3}},"line":26},"3":{"name":"(anonymous_3)","decl":{"start":{"line":34,"column":2},"end":{"line":34,"column":3}},"loc":{"start":{"line":34,"column":39},"end":{"line":36,"column":3}},"line":34},"4":{"name":"(anonymous_4)","decl":{"start":{"line":42,"column":2},"end":{"line":42,"column":3}},"loc":{"start":{"line":42,"column":39},"end":{"line":44,"column":3}},"line":42}},"branchMap":{"0":{"loc":{"start":{"line":18,"column":14},"end":{"line":18,"column":35}},"type":"default-arg","locations":[{"start":{"line":18,"column":24},"end":{"line":18,"column":35}}],"line":18},"1":{"loc":{"start":{"line":26,"column":14},"end":{"line":26,"column":38}},"type":"default-arg","locations":[{"start":{"line":26,"column":24},"end":{"line":26,"column":38}}],"line":26},"2":{"loc":{"start":{"line":34,"column":14},"end":{"line":34,"column":37}},"type":"default-arg","locations":[{"start":{"line":34,"column":24},"end":{"line":34,"column":37}}],"line":34},"3":{"loc":{"start":{"line":42,"column":14},"end":{"line":42,"column":37}},"type":"default-arg","locations":[{"start":{"line":42,"column":24},"end":{"line":42,"column":37}}],"line":42}},"s":{"0":47,"1":47,"2":47,"3":22,"4":14,"5":11,"6":0,"7":10},"f":{"0":47,"1":22,"2":14,"3":11,"4":0},"b":{"0":[9],"1":[10],"2":[0],"3":[0]},"_coverageSchema":"1a1c01bbd47fc00a2c39e90264f33305004495a9","hash":"41208dcc87f0893fbd729d5e40c83dc27d2021f8"}
,"/Users/benjaminblackwellolmstead/Documents/Springboard/SpringboardUnitExercises/express-jobly/helpers/sql.js": {"path":"/Users/benjaminblackwellolmstead/Documents/Springboard/SpringboardUnitExercises/express-jobly/helpers/sql.js","statementMap":{"0":{"start":{"line":1,"column":28},"end":{"line":1,"column":54}},"1":{"start":{"line":15,"column":15},"end":{"line":15,"column":40}},"2":{"start":{"line":17,"column":2},"end":{"line":17,"column":62}},"3":{"start":{"line":17,"column":25},"end":{"line":17,"column":62}},"4":{"start":{"line":20,"column":15},"end":{"line":22,"column":3}},"5":{"start":{"line":21,"column":6},"end":{"line":21,"column":52}},"6":{"start":{"line":24,"column":2},"end":{"line":27,"column":4}},"7":{"start":{"line":30,"column":0},"end":{"line":30,"column":41}}},"fnMap":{"0":{"name":"sqlForPartialUpdate","decl":{"start":{"line":14,"column":9},"end":{"line":14,"column":28}},"loc":{"start":{"line":14,"column":52},"end":{"line":28,"column":1}},"line":14},"1":{"name":"(anonymous_1)","decl":{"start":{"line":20,"column":24},"end":{"line":20,"column":25}},"loc":{"start":{"line":21,"column":6},"end":{"line":21,"column":52}},"line":21}},"branchMap":{"0":{"loc":{"start":{"line":17,"column":2},"end":{"line":17,"column":62}},"type":"if","locations":[{"start":{"line":17,"column":2},"end":{"line":17,"column":62}},{"start":{},"end":{}}],"line":17},"1":{"loc":{"start":{"line":21,"column":10},"end":{"line":21,"column":37}},"type":"binary-expr","locations":[{"start":{"line":21,"column":10},"end":{"line":21,"column":26}},{"start":{"line":21,"column":30},"end":{"line":21,"column":37}}],"line":21}},"s":{"0":9,"1":15,"2":15,"3":2,"4":13,"5":26,"6":13,"7":9},"f":{"0":15,"1":26},"b":{"0":[2,13],"1":[26,11]},"_coverageSchema":"1a1c01bbd47fc00a2c39e90264f33305004495a9","hash":"d2c244122648eccc1f36f2ac53bdff34b9eb142f"}
,"/Users/benjaminblackwellolmstead/Documents/Springboard/SpringboardUnitExercises/express-jobly/helpers/tokens.js": {"path":"/Users/benjaminblackwellolmstead/Documents/Springboard/SpringboardUnitExercises/express-jobly/helpers/tokens.js","statementMap":{"0":{"start":{"line":1,"column":12},"end":{"line":1,"column":35}},"1":{"start":{"line":2,"column":23},"end":{"line":2,"column":43}},"2":{"start":{"line":7,"column":2},"end":{"line":8,"column":58}},"3":{"start":{"line":10,"column":16},"end":{"line":13,"column":3}},"4":{"start":{"line":15,"column":2},"end":{"line":15,"column":39}},"5":{"start":{"line":18,"column":0},"end":{"line":18,"column":33}}},"fnMap":{"0":{"name":"createToken","decl":{"start":{"line":6,"column":9},"end":{"line":6,"column":20}},"loc":{"start":{"line":6,"column":27},"end":{"line":16,"column":1}},"line":6}},"branchMap":{"0":{"loc":{"start":{"line":12,"column":13},"end":{"line":12,"column":34}},"type":"binary-expr","locations":[{"start":{"line":12,"column":13},"end":{"line":12,"column":25}},{"start":{"line":12,"column":29},"end":{"line":12,"column":34}}],"line":12}},"s":{"0":6,"1":6,"2":17,"3":17,"4":17,"5":6},"f":{"0":17},"b":{"0":[17,12]},"_coverageSchema":"1a1c01bbd47fc00a2c39e90264f33305004495a9","hash":"aa7d8797546fa804a67d653d9c08b4cad29c649d"}
,"/Users/benjaminblackwellolmstead/Documents/Springboard/SpringboardUnitExercises/express-jobly/middleware/auth.js": {"path":"/Users/benjaminblackwellolmstead/Documents/Springboard/SpringboardUnitExercises/express-jobly/middleware/auth.js","statementMap":{"0":{"start":{"line":5,"column":12},"end":{"line":5,"column":35}},"1":{"start":{"line":6,"column":23},"end":{"line":6,"column":43}},"2":{"start":{"line":7,"column":30},"end":{"line":7,"column":56}},"3":{"start":{"line":19,"column":2},"end":{"line":28,"column":3}},"4":{"start":{"line":20,"column":23},"end":{"line":20,"column":63}},"5":{"start":{"line":21,"column":4},"end":{"line":24,"column":5}},"6":{"start":{"line":22,"column":20},"end":{"line":22,"column":64}},"7":{"start":{"line":23,"column":6},"end":{"line":23,"column":54}},"8":{"start":{"line":25,"column":4},"end":{"line":25,"column":18}},"9":{"start":{"line":27,"column":4},"end":{"line":27,"column":18}},"10":{"start":{"line":37,"column":2},"end":{"line":42,"column":3}},"11":{"start":{"line":38,"column":4},"end":{"line":38,"column":56}},"12":{"start":{"line":38,"column":26},"end":{"line":38,"column":56}},"13":{"start":{"line":39,"column":4},"end":{"line":39,"column":18}},"14":{"start":{"line":41,"column":4},"end":{"line":41,"column":21}},"15":{"start":{"line":51,"column":2},"end":{"line":58,"column":3}},"16":{"start":{"line":52,"column":4},"end":{"line":54,"column":5}},"17":{"start":{"line":53,"column":4},"end":{"line":53,"column":34}},"18":{"start":{"line":55,"column":4},"end":{"line":55,"column":18}},"19":{"start":{"line":57,"column":4},"end":{"line":57,"column":21}},"20":{"start":{"line":69,"column":2},"end":{"line":77,"column":3}},"21":{"start":{"line":70,"column":17},"end":{"line":70,"column":32}},"22":{"start":{"line":71,"column":4},"end":{"line":73,"column":5}},"23":{"start":{"line":72,"column":6},"end":{"line":72,"column":36}},"24":{"start":{"line":74,"column":4},"end":{"line":74,"column":18}},"25":{"start":{"line":76,"column":4},"end":{"line":76,"column":21}},"26":{"start":{"line":80,"column":0},"end":{"line":85,"column":2}}},"fnMap":{"0":{"name":"authenticateJWT","decl":{"start":{"line":18,"column":9},"end":{"line":18,"column":24}},"loc":{"start":{"line":18,"column":41},"end":{"line":29,"column":1}},"line":18},"1":{"name":"ensureLoggedIn","decl":{"start":{"line":36,"column":9},"end":{"line":36,"column":23}},"loc":{"start":{"line":36,"column":40},"end":{"line":43,"column":1}},"line":36},"2":{"name":"ensureAdmin","decl":{"start":{"line":50,"column":9},"end":{"line":50,"column":20}},"loc":{"start":{"line":50,"column":37},"end":{"line":59,"column":1}},"line":50},"3":{"name":"ensureCorrectUserOrAdmin","decl":{"start":{"line":68,"column":9},"end":{"line":68,"column":33}},"loc":{"start":{"line":68,"column":50},"end":{"line":78,"column":1}},"line":68}},"branchMap":{"0":{"loc":{"start":{"line":20,"column":23},"end":{"line":20,"column":63}},"type":"binary-expr","locations":[{"start":{"line":20,"column":23},"end":{"line":20,"column":34}},{"start":{"line":20,"column":38},"end":{"line":20,"column":63}}],"line":20},"1":{"loc":{"start":{"line":21,"column":4},"end":{"line":24,"column":5}},"type":"if","locations":[{"start":{"line":21,"column":4},"end":{"line":24,"column":5}},{"start":{},"end":{}}],"line":21},"2":{"loc":{"start":{"line":38,"column":4},"end":{"line":38,"column":56}},"type":"if","locations":[{"start":{"line":38,"column":4},"end":{"line":38,"column":56}},{"start":{},"end":{}}],"line":38},"3":{"loc":{"start":{"line":52,"column":4},"end":{"line":54,"column":5}},"type":"if","locations":[{"start":{"line":52,"column":4},"end":{"line":54,"column":5}},{"start":{},"end":{}}],"line":52},"4":{"loc":{"start":{"line":52,"column":8},"end":{"line":52,"column":53}},"type":"binary-expr","locations":[{"start":{"line":52,"column":8},"end":{"line":52,"column":24}},{"start":{"line":52,"column":28},"end":{"line":52,"column":53}}],"line":52},"5":{"loc":{"start":{"line":71,"column":4},"end":{"line":73,"column":5}},"type":"if","locations":[{"start":{"line":71,"column":4},"end":{"line":73,"column":5}},{"start":{},"end":{}}],"line":71},"6":{"loc":{"start":{"line":71,"column":10},"end":{"line":71,"column":73}},"type":"binary-expr","locations":[{"start":{"line":71,"column":10},"end":{"line":71,"column":14}},{"start":{"line":71,"column":19},"end":{"line":71,"column":31}},{"start":{"line":71,"column":35},"end":{"line":71,"column":72}}],"line":71}},"s":{"0":6,"1":6,"2":6,"3":67,"4":67,"5":67,"6":41,"7":41,"8":65,"9":2,"10":2,"11":2,"12":1,"13":1,"14":1,"15":24,"16":24,"17":4,"18":0,"19":24,"20":16,"21":16,"22":16,"23":5,"24":11,"25":5,"26":6},"f":{"0":67,"1":2,"2":24,"3":16},"b":{"0":[67,66],"1":[41,26],"2":[1,1],"3":[4,0],"4":[24,20],"5":[5,11],"6":[16,13,5]},"_coverageSchema":"1a1c01bbd47fc00a2c39e90264f33305004495a9","hash":"aa76a8b1579707db224af6faf95b0cdbf755232b"}
,"/Users/benjaminblackwellolmstead/Documents/Springboard/SpringboardUnitExercises/express-jobly/models/_testCommon.js": {"path":"/Users/benjaminblackwellolmstead/Documents/Springboard/SpringboardUnitExercises/express-jobly/models/_testCommon.js","statementMap":{"0":{"start":{"line":1,"column":15},"end":{"line":1,"column":32}},"1":{"start":{"line":3,"column":11},"end":{"line":3,"column":30}},"2":{"start":{"line":4,"column":31},"end":{"line":4,"column":51}},"3":{"start":{"line":8,"column":2},"end":{"line":8,"column":42}},"4":{"start":{"line":10,"column":2},"end":{"line":10,"column":38}},"5":{"start":{"line":12,"column":2},"end":{"line":16,"column":55}},"6":{"start":{"line":18,"column":2},"end":{"line":30,"column":9}},"7":{"start":{"line":34,"column":2},"end":{"line":34,"column":26}},"8":{"start":{"line":38,"column":2},"end":{"line":38,"column":29}},"9":{"start":{"line":42,"column":2},"end":{"line":42,"column":17}},"10":{"start":{"line":46,"column":0},"end":{"line":51,"column":2}}},"fnMap":{"0":{"name":"commonBeforeAll","decl":{"start":{"line":6,"column":15},"end":{"line":6,"column":30}},"loc":{"start":{"line":6,"column":33},"end":{"line":31,"column":1}},"line":6},"1":{"name":"commonBeforeEach","decl":{"start":{"line":33,"column":15},"end":{"line":33,"column":31}},"loc":{"start":{"line":33,"column":34},"end":{"line":35,"column":1}},"line":33},"2":{"name":"commonAfterEach","decl":{"start":{"line":37,"column":15},"end":{"line":37,"column":30}},"loc":{"start":{"line":37,"column":33},"end":{"line":39,"column":1}},"line":37},"3":{"name":"commonAfterAll","decl":{"start":{"line":41,"column":15},"end":{"line":41,"column":29}},"loc":{"start":{"line":41,"column":32},"end":{"line":43,"column":1}},"line":41}},"branchMap":{},"s":{"0":3,"1":3,"2":3,"3":3,"4":3,"5":3,"6":3,"7":48,"8":48,"9":3,"10":3},"f":{"0":3,"1":48,"2":48,"3":3},"b":{},"_coverageSchema":"1a1c01bbd47fc00a2c39e90264f33305004495a9","hash":"abfadb51a0090be6d4d6031910f99dbb8defbad1"}
,"/Users/benjaminblackwellolmstead/Documents/Springboard/SpringboardUnitExercises/express-jobly/models/company.js": {"path":"/Users/benjaminblackwellolmstead/Documents/Springboard/SpringboardUnitExercises/express-jobly/models/company.js","statementMap":{"0":{"start":{"line":3,"column":11},"end":{"line":3,"column":27}},"1":{"start":{"line":4,"column":43},"end":{"line":4,"column":69}},"2":{"start":{"line":5,"column":32},"end":{"line":5,"column":57}},"3":{"start":{"line":20,"column":27},"end":{"line":24,"column":17}},"4":{"start":{"line":26,"column":4},"end":{"line":27,"column":64}},"5":{"start":{"line":27,"column":6},"end":{"line":27,"column":64}},"6":{"start":{"line":29,"column":19},"end":{"line":41,"column":5}},"7":{"start":{"line":42,"column":20},"end":{"line":42,"column":34}},"8":{"start":{"line":44,"column":4},"end":{"line":44,"column":19}},"9":{"start":{"line":58,"column":20},"end":{"line":63,"column":35}},"10":{"start":{"line":64,"column":25},"end":{"line":64,"column":27}},"11":{"start":{"line":65,"column":20},"end":{"line":65,"column":22}},"12":{"start":{"line":67,"column":46},"end":{"line":67,"column":59}},"13":{"start":{"line":69,"column":2},"end":{"line":71,"column":3}},"14":{"start":{"line":70,"column":4},"end":{"line":70,"column":78}},"15":{"start":{"line":75,"column":2},"end":{"line":78,"column":3}},"16":{"start":{"line":76,"column":4},"end":{"line":76,"column":35}},"17":{"start":{"line":77,"column":4},"end":{"line":77,"column":69}},"18":{"start":{"line":80,"column":2},"end":{"line":83,"column":3}},"19":{"start":{"line":81,"column":4},"end":{"line":81,"column":35}},"20":{"start":{"line":82,"column":4},"end":{"line":82,"column":69}},"21":{"start":{"line":85,"column":2},"end":{"line":88,"column":3}},"22":{"start":{"line":86,"column":4},"end":{"line":86,"column":33}},"23":{"start":{"line":87,"column":4},"end":{"line":87,"column":63}},"24":{"start":{"line":90,"column":2},"end":{"line":92,"column":3}},"25":{"start":{"line":91,"column":4},"end":{"line":91,"column":62}},"26":{"start":{"line":96,"column":2},"end":{"line":96,"column":33}},"27":{"start":{"line":97,"column":23},"end":{"line":97,"column":63}},"28":{"start":{"line":98,"column":2},"end":{"line":98,"column":27}},"29":{"start":{"line":110,"column":23},"end":{"line":118,"column":17}},"30":{"start":{"line":120,"column":20},"end":{"line":120,"column":38}},"31":{"start":{"line":122,"column":4},"end":{"line":122,"column":67}},"32":{"start":{"line":122,"column":18},"end":{"line":122,"column":67}},"33":{"start":{"line":124,"column":4},"end":{"line":124,"column":19}},"34":{"start":{"line":140,"column":32},"end":{"line":145,"column":10}},"35":{"start":{"line":146,"column":25},"end":{"line":146,"column":50}},"36":{"start":{"line":148,"column":21},"end":{"line":155,"column":54}},"37":{"start":{"line":156,"column":19},"end":{"line":156,"column":64}},"38":{"start":{"line":157,"column":20},"end":{"line":157,"column":34}},"39":{"start":{"line":159,"column":4},"end":{"line":159,"column":67}},"40":{"start":{"line":159,"column":18},"end":{"line":159,"column":67}},"41":{"start":{"line":161,"column":4},"end":{"line":161,"column":19}},"42":{"start":{"line":170,"column":19},"end":{"line":175,"column":17}},"43":{"start":{"line":176,"column":20},"end":{"line":176,"column":34}},"44":{"start":{"line":178,"column":4},"end":{"line":178,"column":67}},"45":{"start":{"line":178,"column":18},"end":{"line":178,"column":67}},"46":{"start":{"line":183,"column":0},"end":{"line":183,"column":25}}},"fnMap":{"0":{"name":"(anonymous_0)","decl":{"start":{"line":19,"column":2},"end":{"line":19,"column":3}},"loc":{"start":{"line":19,"column":76},"end":{"line":45,"column":3}},"line":19},"1":{"name":"(anonymous_1)","decl":{"start":{"line":57,"column":2},"end":{"line":57,"column":3}},"loc":{"start":{"line":57,"column":43},"end":{"line":99,"column":3}},"line":57},"2":{"name":"(anonymous_2)","decl":{"start":{"line":109,"column":2},"end":{"line":109,"column":3}},"loc":{"start":{"line":109,"column":27},"end":{"line":125,"column":3}},"line":109},"3":{"name":"(anonymous_3)","decl":{"start":{"line":139,"column":2},"end":{"line":139,"column":3}},"loc":{"start":{"line":139,"column":36},"end":{"line":162,"column":3}},"line":139},"4":{"name":"(anonymous_4)","decl":{"start":{"line":169,"column":2},"end":{"line":169,"column":3}},"loc":{"start":{"line":169,"column":30},"end":{"line":179,"column":3}},"line":169}},"branchMap":{"0":{"loc":{"start":{"line":26,"column":4},"end":{"line":27,"column":64}},"type":"if","locations":[{"start":{"line":26,"column":4},"end":{"line":27,"column":64}},{"start":{},"end":{}}],"line":26},"1":{"loc":{"start":{"line":57,"column":23},"end":{"line":57,"column":41}},"type":"default-arg","locations":[{"start":{"line":57,"column":39},"end":{"line":57,"column":41}}],"line":57},"2":{"loc":{"start":{"line":69,"column":2},"end":{"line":71,"column":3}},"type":"if","locations":[{"start":{"line":69,"column":2},"end":{"line":71,"column":3}},{"start":{},"end":{}}],"line":69},"3":{"loc":{"start":{"line":75,"column":2},"end":{"line":78,"column":3}},"type":"if","locations":[{"start":{"line":75,"column":2},"end":{"line":78,"column":3}},{"start":{},"end":{}}],"line":75},"4":{"loc":{"start":{"line":80,"column":2},"end":{"line":83,"column":3}},"type":"if","locations":[{"start":{"line":80,"column":2},"end":{"line":83,"column":3}},{"start":{},"end":{}}],"line":80},"5":{"loc":{"start":{"line":85,"column":2},"end":{"line":88,"column":3}},"type":"if","locations":[{"start":{"line":85,"column":2},"end":{"line":88,"column":3}},{"start":{},"end":{}}],"line":85},"6":{"loc":{"start":{"line":90,"column":2},"end":{"line":92,"column":3}},"type":"if","locations":[{"start":{"line":90,"column":2},"end":{"line":92,"column":3}},{"start":{},"end":{}}],"line":90},"7":{"loc":{"start":{"line":122,"column":4},"end":{"line":122,"column":67}},"type":"if","locations":[{"start":{"line":122,"column":4},"end":{"line":122,"column":67}},{"start":{},"end":{}}],"line":122},"8":{"loc":{"start":{"line":159,"column":4},"end":{"line":159,"column":67}},"type":"if","locations":[{"start":{"line":159,"column":4},"end":{"line":159,"column":67}},{"start":{},"end":{}}],"line":159},"9":{"loc":{"start":{"line":178,"column":4},"end":{"line":178,"column":67}},"type":"if","locations":[{"start":{"line":178,"column":4},"end":{"line":178,"column":67}},{"start":{},"end":{}}],"line":178}},"s":{"0":6,"1":6,"2":6,"3":15,"4":15,"5":1,"6":14,"7":14,"8":14,"9":10,"10":10,"11":10,"12":10,"13":10,"14":1,"15":9,"16":4,"17":4,"18":9,"19":4,"20":4,"21":9,"22":3,"23":3,"24":9,"25":6,"26":9,"27":9,"28":0,"29":5,"30":5,"31":5,"32":2,"33":3,"34":4,"35":3,"36":3,"37":3,"38":3,"39":3,"40":1,"41":2,"42":2,"43":2,"44":2,"45":1,"46":6},"f":{"0":15,"1":10,"2":5,"3":4,"4":2},"b":{"0":[1,14],"1":[1],"2":[1,9],"3":[4,5],"4":[4,5],"5":[3,6],"6":[6,3],"7":[2,3],"8":[1,2],"9":[1,1]},"_coverageSchema":"1a1c01bbd47fc00a2c39e90264f33305004495a9","hash":"8b996df2348f4a381eaf73095df6a00f85694c7e"}
,"/Users/benjaminblackwellolmstead/Documents/Springboard/SpringboardUnitExercises/express-jobly/models/job.js": {"path":"/Users/benjaminblackwellolmstead/Documents/Springboard/SpringboardUnitExercises/express-jobly/models/job.js","statementMap":{"0":{"start":{"line":3,"column":11},"end":{"line":3,"column":27}},"1":{"start":{"line":4,"column":26},"end":{"line":4,"column":52}},"2":{"start":{"line":5,"column":32},"end":{"line":5,"column":57}},"3":{"start":{"line":18,"column":23},"end":{"line":31,"column":14}},"4":{"start":{"line":32,"column":18},"end":{"line":32,"column":32}},"5":{"start":{"line":34,"column":8},"end":{"line":34,"column":19}},"6":{"start":{"line":48,"column":20},"end":{"line":55,"column":84}},"7":{"start":{"line":56,"column":31},"end":{"line":56,"column":33}},"8":{"start":{"line":57,"column":26},"end":{"line":57,"column":28}},"9":{"start":{"line":62,"column":8},"end":{"line":65,"column":9}},"10":{"start":{"line":63,"column":12},"end":{"line":63,"column":40}},"11":{"start":{"line":64,"column":12},"end":{"line":64,"column":70}},"12":{"start":{"line":67,"column":8},"end":{"line":69,"column":9}},"13":{"start":{"line":68,"column":12},"end":{"line":68,"column":48}},"14":{"start":{"line":71,"column":8},"end":{"line":73,"column":9}},"15":{"start":{"line":72,"column":12},"end":{"line":72,"column":64}},"16":{"start":{"line":77,"column":8},"end":{"line":77,"column":36}},"17":{"start":{"line":78,"column":24},"end":{"line":78,"column":58}},"18":{"start":{"line":79,"column":8},"end":{"line":79,"column":28}},"19":{"start":{"line":92,"column":23},"end":{"line":99,"column":33}},"20":{"start":{"line":100,"column":16},"end":{"line":100,"column":30}},"21":{"start":{"line":102,"column":4},"end":{"line":102,"column":55}},"22":{"start":{"line":102,"column":14},"end":{"line":102,"column":55}},"23":{"start":{"line":104,"column":25},"end":{"line":111,"column":48}},"24":{"start":{"line":113,"column":4},"end":{"line":113,"column":29}},"25":{"start":{"line":114,"column":4},"end":{"line":114,"column":39}},"26":{"start":{"line":116,"column":4},"end":{"line":116,"column":15}},"27":{"start":{"line":132,"column":36},"end":{"line":134,"column":15}},"28":{"start":{"line":135,"column":25},"end":{"line":135,"column":50}},"29":{"start":{"line":137,"column":25},"end":{"line":144,"column":70}},"30":{"start":{"line":145,"column":23},"end":{"line":145,"column":64}},"31":{"start":{"line":146,"column":20},"end":{"line":146,"column":34}},"32":{"start":{"line":148,"column":8},"end":{"line":148,"column":59}},"33":{"start":{"line":148,"column":18},"end":{"line":148,"column":59}},"34":{"start":{"line":150,"column":8},"end":{"line":150,"column":19}},"35":{"start":{"line":158,"column":19},"end":{"line":162,"column":31}},"36":{"start":{"line":163,"column":16},"end":{"line":163,"column":30}},"37":{"start":{"line":165,"column":4},"end":{"line":165,"column":55}},"38":{"start":{"line":165,"column":14},"end":{"line":165,"column":55}},"39":{"start":{"line":169,"column":0},"end":{"line":169,"column":21}}},"fnMap":{"0":{"name":"(anonymous_0)","decl":{"start":{"line":17,"column":4},"end":{"line":17,"column":5}},"loc":{"start":{"line":17,"column":30},"end":{"line":35,"column":5}},"line":17},"1":{"name":"(anonymous_1)","decl":{"start":{"line":47,"column":4},"end":{"line":47,"column":5}},"loc":{"start":{"line":47,"column":64},"end":{"line":81,"column":5}},"line":47},"2":{"name":"(anonymous_2)","decl":{"start":{"line":91,"column":4},"end":{"line":91,"column":5}},"loc":{"start":{"line":91,"column":25},"end":{"line":117,"column":5}},"line":91},"3":{"name":"(anonymous_3)","decl":{"start":{"line":131,"column":4},"end":{"line":131,"column":5}},"loc":{"start":{"line":131,"column":34},"end":{"line":151,"column":5}},"line":131},"4":{"name":"(anonymous_4)","decl":{"start":{"line":157,"column":2},"end":{"line":157,"column":3}},"loc":{"start":{"line":157,"column":26},"end":{"line":166,"column":3}},"line":157}},"branchMap":{"0":{"loc":{"start":{"line":47,"column":26},"end":{"line":47,"column":62}},"type":"default-arg","locations":[{"start":{"line":47,"column":60},"end":{"line":47,"column":62}}],"line":47},"1":{"loc":{"start":{"line":62,"column":8},"end":{"line":65,"column":9}},"type":"if","locations":[{"start":{"line":62,"column":8},"end":{"line":65,"column":9}},{"start":{},"end":{}}],"line":62},"2":{"loc":{"start":{"line":67,"column":8},"end":{"line":69,"column":9}},"type":"if","locations":[{"start":{"line":67,"column":8},"end":{"line":69,"column":9}},{"start":{},"end":{}}],"line":67},"3":{"loc":{"start":{"line":71,"column":8},"end":{"line":73,"column":9}},"type":"if","locations":[{"start":{"line":71,"column":8},"end":{"line":73,"column":9}},{"start":{},"end":{}}],"line":71},"4":{"loc":{"start":{"line":102,"column":4},"end":{"line":102,"column":55}},"type":"if","locations":[{"start":{"line":102,"column":4},"end":{"line":102,"column":55}},{"start":{},"end":{}}],"line":102},"5":{"loc":{"start":{"line":148,"column":8},"end":{"line":148,"column":59}},"type":"if","locations":[{"start":{"line":148,"column":8},"end":{"line":148,"column":59}},{"start":{},"end":{}}],"line":148},"6":{"loc":{"start":{"line":165,"column":4},"end":{"line":165,"column":55}},"type":"if","locations":[{"start":{"line":165,"column":4},"end":{"line":165,"column":55}},{"start":{},"end":{}}],"line":165}},"s":{"0":1,"1":1,"2":1,"3":1,"4":0,"5":0,"6":5,"7":5,"8":5,"9":5,"10":2,"11":2,"12":5,"13":2,"14":5,"15":3,"16":5,"17":5,"18":5,"19":1,"20":0,"21":0,"22":0,"23":0,"24":0,"25":0,"26":0,"27":1,"28":1,"29":1,"30":1,"31":1,"32":1,"33":1,"34":0,"35":1,"36":1,"37":1,"38":1,"39":1},"f":{"0":1,"1":5,"2":1,"3":1,"4":1},"b":{"0":[1],"1":[2,3],"2":[2,3],"3":[3,2],"4":[0,0],"5":[1,0],"6":[1,0]},"_coverageSchema":"1a1c01bbd47fc00a2c39e90264f33305004495a9","hash":"c9033292fc3aa02bd622612173d434180196bbcc"}
,"/Users/benjaminblackwellolmstead/Documents/Springboard/SpringboardUnitExercises/express-jobly/models/user.js": {"path":"/Users/benjaminblackwellolmstead/Documents/Springboard/SpringboardUnitExercises/express-jobly/models/user.js","statementMap":{"0":{"start":{"line":3,"column":11},"end":{"line":3,"column":27}},"1":{"start":{"line":4,"column":15},"end":{"line":4,"column":32}},"2":{"start":{"line":5,"column":32},"end":{"line":5,"column":57}},"3":{"start":{"line":10,"column":4},"end":{"line":10,"column":30}},"4":{"start":{"line":12,"column":31},"end":{"line":12,"column":54}},"5":{"start":{"line":26,"column":19},"end":{"line":36,"column":5}},"6":{"start":{"line":38,"column":17},"end":{"line":38,"column":31}},"7":{"start":{"line":40,"column":4},"end":{"line":47,"column":5}},"8":{"start":{"line":42,"column":22},"end":{"line":42,"column":67}},"9":{"start":{"line":43,"column":6},"end":{"line":46,"column":7}},"10":{"start":{"line":44,"column":8},"end":{"line":44,"column":29}},"11":{"start":{"line":45,"column":8},"end":{"line":45,"column":20}},"12":{"start":{"line":49,"column":4},"end":{"line":49,"column":61}},"13":{"start":{"line":61,"column":27},"end":{"line":66,"column":5}},"14":{"start":{"line":68,"column":4},"end":{"line":70,"column":5}},"15":{"start":{"line":69,"column":6},"end":{"line":69,"column":67}},"16":{"start":{"line":72,"column":27},"end":{"line":72,"column":74}},"17":{"start":{"line":74,"column":19},"end":{"line":92,"column":5}},"18":{"start":{"line":94,"column":17},"end":{"line":94,"column":31}},"19":{"start":{"line":96,"column":4},"end":{"line":96,"column":16}},"20":{"start":{"line":105,"column":19},"end":{"line":113,"column":5}},"21":{"start":{"line":115,"column":4},"end":{"line":115,"column":23}},"22":{"start":{"line":127,"column":20},"end":{"line":136,"column":5}},"23":{"start":{"line":138,"column":17},"end":{"line":138,"column":32}},"24":{"start":{"line":140,"column":4},"end":{"line":140,"column":63}},"25":{"start":{"line":140,"column":15},"end":{"line":140,"column":63}},"26":{"start":{"line":142,"column":32},"end":{"line":145,"column":42}},"27":{"start":{"line":147,"column":4},"end":{"line":147,"column":68}},"28":{"start":{"line":147,"column":58},"end":{"line":147,"column":66}},"29":{"start":{"line":148,"column":4},"end":{"line":148,"column":16}},"30":{"start":{"line":169,"column":4},"end":{"line":171,"column":5}},"31":{"start":{"line":170,"column":6},"end":{"line":170,"column":75}},"32":{"start":{"line":173,"column":32},"end":{"line":179,"column":10}},"33":{"start":{"line":180,"column":27},"end":{"line":180,"column":52}},"34":{"start":{"line":182,"column":21},"end":{"line":189,"column":54}},"35":{"start":{"line":190,"column":19},"end":{"line":190,"column":66}},"36":{"start":{"line":191,"column":17},"end":{"line":191,"column":31}},"37":{"start":{"line":193,"column":4},"end":{"line":193,"column":63}},"38":{"start":{"line":193,"column":15},"end":{"line":193,"column":63}},"39":{"start":{"line":195,"column":4},"end":{"line":195,"column":25}},"40":{"start":{"line":196,"column":4},"end":{"line":196,"column":16}},"41":{"start":{"line":202,"column":17},"end":{"line":208,"column":5}},"42":{"start":{"line":209,"column":17},"end":{"line":209,"column":31}},"43":{"start":{"line":211,"column":4},"end":{"line":211,"column":63}},"44":{"start":{"line":211,"column":15},"end":{"line":211,"column":63}},"45":{"start":{"line":221,"column":21},"end":{"line":224,"column":31}},"46":{"start":{"line":225,"column":16},"end":{"line":225,"column":32}},"47":{"start":{"line":227,"column":4},"end":{"line":227,"column":66}},"48":{"start":{"line":227,"column":14},"end":{"line":227,"column":66}},"49":{"start":{"line":229,"column":4},"end":{"line":232,"column":25}},"50":{"start":{"line":237,"column":0},"end":{"line":237,"column":22}}},"fnMap":{"0":{"name":"(anonymous_0)","decl":{"start":{"line":24,"column":2},"end":{"line":24,"column":3}},"loc":{"start":{"line":24,"column":48},"end":{"line":50,"column":3}},"line":24},"1":{"name":"(anonymous_1)","decl":{"start":{"line":59,"column":2},"end":{"line":59,"column":3}},"loc":{"start":{"line":60,"column":67},"end":{"line":97,"column":3}},"line":60},"2":{"name":"(anonymous_2)","decl":{"start":{"line":104,"column":2},"end":{"line":104,"column":3}},"loc":{"start":{"line":104,"column":25},"end":{"line":116,"column":3}},"line":104},"3":{"name":"(anonymous_3)","decl":{"start":{"line":126,"column":2},"end":{"line":126,"column":3}},"loc":{"start":{"line":126,"column":29},"end":{"line":149,"column":3}},"line":126},"4":{"name":"(anonymous_4)","decl":{"start":{"line":147,"column":53},"end":{"line":147,"column":54}},"loc":{"start":{"line":147,"column":58},"end":{"line":147,"column":66}},"line":147},"5":{"name":"(anonymous_5)","decl":{"start":{"line":168,"column":2},"end":{"line":168,"column":3}},"loc":{"start":{"line":168,"column":38},"end":{"line":197,"column":3}},"line":168},"6":{"name":"(anonymous_6)","decl":{"start":{"line":201,"column":2},"end":{"line":201,"column":3}},"loc":{"start":{"line":201,"column":32},"end":{"line":212,"column":3}},"line":201},"7":{"name":"(anonymous_7)","decl":{"start":{"line":220,"column":2},"end":{"line":220,"column":3}},"loc":{"start":{"line":220,"column":43},"end":{"line":233,"column":3}},"line":220}},"branchMap":{"0":{"loc":{"start":{"line":40,"column":4},"end":{"line":47,"column":5}},"type":"if","locations":[{"start":{"line":40,"column":4},"end":{"line":47,"column":5}},{"start":{},"end":{}}],"line":40},"1":{"loc":{"start":{"line":43,"column":6},"end":{"line":46,"column":7}},"type":"if","locations":[{"start":{"line":43,"column":6},"end":{"line":46,"column":7}},{"start":{},"end":{}}],"line":43},"2":{"loc":{"start":{"line":68,"column":4},"end":{"line":70,"column":5}},"type":"if","locations":[{"start":{"line":68,"column":4},"end":{"line":70,"column":5}},{"start":{},"end":{}}],"line":68},"3":{"loc":{"start":{"line":140,"column":4},"end":{"line":140,"column":63}},"type":"if","locations":[{"start":{"line":140,"column":4},"end":{"line":140,"column":63}},{"start":{},"end":{}}],"line":140},"4":{"loc":{"start":{"line":169,"column":4},"end":{"line":171,"column":5}},"type":"if","locations":[{"start":{"line":169,"column":4},"end":{"line":171,"column":5}},{"start":{},"end":{}}],"line":169},"5":{"loc":{"start":{"line":193,"column":4},"end":{"line":193,"column":63}},"type":"if","locations":[{"start":{"line":193,"column":4},"end":{"line":193,"column":63}},{"start":{},"end":{}}],"line":193},"6":{"loc":{"start":{"line":211,"column":4},"end":{"line":211,"column":63}},"type":"if","locations":[{"start":{"line":211,"column":4},"end":{"line":211,"column":63}},{"start":{},"end":{}}],"line":211},"7":{"loc":{"start":{"line":227,"column":4},"end":{"line":227,"column":66}},"type":"if","locations":[{"start":{"line":227,"column":4},"end":{"line":227,"column":66}},{"start":{},"end":{}}],"line":227}},"s":{"0":6,"1":6,"2":6,"3":6,"4":6,"5":7,"6":7,"7":7,"8":4,"9":4,"10":3,"11":3,"12":4,"13":17,"14":17,"15":1,"16":16,"17":16,"18":16,"19":16,"20":1,"21":1,"22":5,"23":5,"24":5,"25":2,"26":3,"27":3,"28":0,"29":3,"30":8,"31":2,"32":8,"33":7,"34":7,"35":7,"36":7,"37":7,"38":2,"39":5,"40":5,"41":5,"42":5,"43":5,"44":2,"45":1,"46":1,"47":1,"48":1,"49":0,"50":6},"f":{"0":7,"1":17,"2":1,"3":5,"4":0,"5":8,"6":5,"7":1},"b":{"0":[4,3],"1":[3,1],"2":[1,16],"3":[2,3],"4":[2,6],"5":[2,5],"6":[2,3],"7":[1,0]},"_coverageSchema":"1a1c01bbd47fc00a2c39e90264f33305004495a9","hash":"4eafdc7f59780f073e58ea2c0782421e704050d1"}
,"/Users/benjaminblackwellolmstead/Documents/Springboard/SpringboardUnitExercises/express-jobly/routes/_testCommon.js": {"path":"/Users/benjaminblackwellolmstead/Documents/Springboard/SpringboardUnitExercises/express-jobly/routes/_testCommon.js","statementMap":{"0":{"start":{"line":3,"column":11},"end":{"line":3,"column":30}},"1":{"start":{"line":4,"column":13},"end":{"line":4,"column":38}},"2":{"start":{"line":5,"column":16},"end":{"line":5,"column":44}},"3":{"start":{"line":6,"column":24},"end":{"line":6,"column":52}},"4":{"start":{"line":10,"column":2},"end":{"line":10,"column":38}},"5":{"start":{"line":12,"column":2},"end":{"line":12,"column":42}},"6":{"start":{"line":14,"column":2},"end":{"line":21,"column":9}},"7":{"start":{"line":22,"column":2},"end":{"line":29,"column":9}},"8":{"start":{"line":30,"column":2},"end":{"line":37,"column":9}},"9":{"start":{"line":39,"column":2},"end":{"line":46,"column":5}},"10":{"start":{"line":47,"column":2},"end":{"line":54,"column":5}},"11":{"start":{"line":55,"column":2},"end":{"line":62,"column":5}},"12":{"start":{"line":66,"column":2},"end":{"line":66,"column":26}},"13":{"start":{"line":70,"column":2},"end":{"line":70,"column":29}},"14":{"start":{"line":74,"column":2},"end":{"line":74,"column":17}},"15":{"start":{"line":78,"column":16},"end":{"line":78,"column":63}},"16":{"start":{"line":79,"column":16},"end":{"line":79,"column":63}},"17":{"start":{"line":80,"column":19},"end":{"line":80,"column":67}},"18":{"start":{"line":82,"column":0},"end":{"line":90,"column":2}}},"fnMap":{"0":{"name":"commonBeforeAll","decl":{"start":{"line":8,"column":15},"end":{"line":8,"column":30}},"loc":{"start":{"line":8,"column":33},"end":{"line":63,"column":1}},"line":8},"1":{"name":"commonBeforeEach","decl":{"start":{"line":65,"column":15},"end":{"line":65,"column":31}},"loc":{"start":{"line":65,"column":34},"end":{"line":67,"column":1}},"line":65},"2":{"name":"commonAfterEach","decl":{"start":{"line":69,"column":15},"end":{"line":69,"column":30}},"loc":{"start":{"line":69,"column":33},"end":{"line":71,"column":1}},"line":69},"3":{"name":"commonAfterAll","decl":{"start":{"line":73,"column":15},"end":{"line":73,"column":29}},"loc":{"start":{"line":73,"column":32},"end":{"line":75,"column":1}},"line":73}},"branchMap":{},"s":{"0":4,"1":4,"2":4,"3":4,"4":4,"5":4,"6":4,"7":4,"8":4,"9":4,"10":4,"11":4,"12":70,"13":70,"14":4,"15":4,"16":4,"17":4,"18":4},"f":{"0":4,"1":70,"2":70,"3":4},"b":{},"_coverageSchema":"1a1c01bbd47fc00a2c39e90264f33305004495a9","hash":"40a9855ad3ab337e5a98857a10a1f468b0da2b00"}
,"/Users/benjaminblackwellolmstead/Documents/Springboard/SpringboardUnitExercises/express-jobly/routes/auth.js": {"path":"/Users/benjaminblackwellolmstead/Documents/Springboard/SpringboardUnitExercises/express-jobly/routes/auth.js","statementMap":{"0":{"start":{"line":5,"column":19},"end":{"line":5,"column":40}},"1":{"start":{"line":7,"column":13},"end":{"line":7,"column":38}},"2":{"start":{"line":8,"column":16},"end":{"line":8,"column":34}},"3":{"start":{"line":9,"column":15},"end":{"line":9,"column":35}},"4":{"start":{"line":10,"column":24},"end":{"line":10,"column":52}},"5":{"start":{"line":11,"column":23},"end":{"line":11,"column":58}},"6":{"start":{"line":12,"column":27},"end":{"line":12,"column":66}},"7":{"start":{"line":13,"column":28},"end":{"line":13,"column":54}},"8":{"start":{"line":22,"column":0},"end":{"line":37,"column":3}},"9":{"start":{"line":23,"column":2},"end":{"line":36,"column":3}},"10":{"start":{"line":24,"column":22},"end":{"line":24,"column":67}},"11":{"start":{"line":25,"column":4},"end":{"line":28,"column":5}},"12":{"start":{"line":26,"column":19},"end":{"line":26,"column":53}},"13":{"start":{"line":26,"column":45},"end":{"line":26,"column":52}},"14":{"start":{"line":27,"column":6},"end":{"line":27,"column":38}},"15":{"start":{"line":30,"column":35},"end":{"line":30,"column":43}},"16":{"start":{"line":31,"column":17},"end":{"line":31,"column":60}},"17":{"start":{"line":32,"column":18},"end":{"line":32,"column":35}},"18":{"start":{"line":33,"column":4},"end":{"line":33,"column":31}},"19":{"start":{"line":35,"column":4},"end":{"line":35,"column":21}},"20":{"start":{"line":49,"column":0},"end":{"line":63,"column":3}},"21":{"start":{"line":50,"column":2},"end":{"line":62,"column":3}},"22":{"start":{"line":51,"column":22},"end":{"line":51,"column":71}},"23":{"start":{"line":52,"column":4},"end":{"line":55,"column":5}},"24":{"start":{"line":53,"column":19},"end":{"line":53,"column":53}},"25":{"start":{"line":53,"column":45},"end":{"line":53,"column":52}},"26":{"start":{"line":54,"column":6},"end":{"line":54,"column":38}},"27":{"start":{"line":57,"column":20},"end":{"line":57,"column":72}},"28":{"start":{"line":58,"column":18},"end":{"line":58,"column":38}},"29":{"start":{"line":59,"column":4},"end":{"line":59,"column":43}},"30":{"start":{"line":61,"column":4},"end":{"line":61,"column":21}},"31":{"start":{"line":66,"column":0},"end":{"line":66,"column":24}}},"fnMap":{"0":{"name":"(anonymous_0)","decl":{"start":{"line":22,"column":22},"end":{"line":22,"column":23}},"loc":{"start":{"line":22,"column":54},"end":{"line":37,"column":1}},"line":22},"1":{"name":"(anonymous_1)","decl":{"start":{"line":26,"column":40},"end":{"line":26,"column":41}},"loc":{"start":{"line":26,"column":45},"end":{"line":26,"column":52}},"line":26},"2":{"name":"(anonymous_2)","decl":{"start":{"line":49,"column":25},"end":{"line":49,"column":26}},"loc":{"start":{"line":49,"column":57},"end":{"line":63,"column":1}},"line":49},"3":{"name":"(anonymous_3)","decl":{"start":{"line":53,"column":40},"end":{"line":53,"column":41}},"loc":{"start":{"line":53,"column":45},"end":{"line":53,"column":52}},"line":53}},"branchMap":{"0":{"loc":{"start":{"line":25,"column":4},"end":{"line":28,"column":5}},"type":"if","locations":[{"start":{"line":25,"column":4},"end":{"line":28,"column":5}},{"start":{},"end":{}}],"line":25},"1":{"loc":{"start":{"line":52,"column":4},"end":{"line":55,"column":5}},"type":"if","locations":[{"start":{"line":52,"column":4},"end":{"line":55,"column":5}},{"start":{},"end":{}}],"line":52}},"s":{"0":5,"1":5,"2":5,"3":5,"4":5,"5":5,"6":5,"7":5,"8":5,"9":5,"10":5,"11":5,"12":2,"13":2,"14":2,"15":3,"16":3,"17":1,"18":1,"19":4,"20":5,"21":3,"22":3,"23":3,"24":2,"25":5,"26":2,"27":1,"28":1,"29":1,"30":2,"31":5},"f":{"0":5,"1":2,"2":3,"3":5},"b":{"0":[2,3],"1":[2,1]},"_coverageSchema":"1a1c01bbd47fc00a2c39e90264f33305004495a9","hash":"f43d59f3348b6d0b8beca3fb481371d11079a566"}
,"/Users/benjaminblackwellolmstead/Documents/Springboard/SpringboardUnitExercises/express-jobly/routes/companies.js": {"path":"/Users/benjaminblackwellolmstead/Documents/Springboard/SpringboardUnitExercises/express-jobly/routes/companies.js","statementMap":{"0":{"start":{"line":5,"column":19},"end":{"line":5,"column":40}},"1":{"start":{"line":6,"column":16},"end":{"line":6,"column":34}},"2":{"start":{"line":8,"column":28},"end":{"line":8,"column":54}},"3":{"start":{"line":9,"column":24},"end":{"line":9,"column":53}},"4":{"start":{"line":10,"column":16},"end":{"line":10,"column":44}},"5":{"start":{"line":12,"column":25},"end":{"line":12,"column":62}},"6":{"start":{"line":13,"column":28},"end":{"line":13,"column":68}},"7":{"start":{"line":14,"column":28},"end":{"line":14,"column":68}},"8":{"start":{"line":16,"column":15},"end":{"line":16,"column":35}},"9":{"start":{"line":28,"column":0},"end":{"line":41,"column":3}},"10":{"start":{"line":29,"column":2},"end":{"line":40,"column":3}},"11":{"start":{"line":30,"column":22},"end":{"line":30,"column":69}},"12":{"start":{"line":31,"column":4},"end":{"line":34,"column":5}},"13":{"start":{"line":32,"column":19},"end":{"line":32,"column":53}},"14":{"start":{"line":32,"column":45},"end":{"line":32,"column":52}},"15":{"start":{"line":33,"column":6},"end":{"line":33,"column":38}},"16":{"start":{"line":36,"column":20},"end":{"line":36,"column":50}},"17":{"start":{"line":37,"column":4},"end":{"line":37,"column":45}},"18":{"start":{"line":39,"column":4},"end":{"line":39,"column":21}},"19":{"start":{"line":54,"column":0},"end":{"line":73,"column":3}},"20":{"start":{"line":55,"column":12},"end":{"line":55,"column":21}},"21":{"start":{"line":58,"column":2},"end":{"line":58,"column":69}},"22":{"start":{"line":58,"column":36},"end":{"line":58,"column":69}},"23":{"start":{"line":59,"column":2},"end":{"line":59,"column":69}},"24":{"start":{"line":59,"column":36},"end":{"line":59,"column":69}},"25":{"start":{"line":61,"column":2},"end":{"line":72,"column":3}},"26":{"start":{"line":62,"column":22},"end":{"line":62,"column":65}},"27":{"start":{"line":63,"column":4},"end":{"line":66,"column":5}},"28":{"start":{"line":64,"column":19},"end":{"line":64,"column":53}},"29":{"start":{"line":64,"column":45},"end":{"line":64,"column":52}},"30":{"start":{"line":65,"column":6},"end":{"line":65,"column":37}},"31":{"start":{"line":68,"column":22},"end":{"line":68,"column":46}},"32":{"start":{"line":69,"column":4},"end":{"line":69,"column":35}},"33":{"start":{"line":71,"column":4},"end":{"line":71,"column":21}},"34":{"start":{"line":83,"column":0},"end":{"line":90,"column":3}},"35":{"start":{"line":84,"column":2},"end":{"line":89,"column":3}},"36":{"start":{"line":85,"column":20},"end":{"line":85,"column":56}},"37":{"start":{"line":86,"column":4},"end":{"line":86,"column":33}},"38":{"start":{"line":88,"column":4},"end":{"line":88,"column":21}},"39":{"start":{"line":103,"column":0},"end":{"line":116,"column":3}},"40":{"start":{"line":104,"column":2},"end":{"line":115,"column":3}},"41":{"start":{"line":105,"column":22},"end":{"line":105,"column":72}},"42":{"start":{"line":106,"column":4},"end":{"line":109,"column":5}},"43":{"start":{"line":107,"column":19},"end":{"line":107,"column":53}},"44":{"start":{"line":107,"column":45},"end":{"line":107,"column":52}},"45":{"start":{"line":108,"column":6},"end":{"line":108,"column":38}},"46":{"start":{"line":111,"column":20},"end":{"line":111,"column":69}},"47":{"start":{"line":112,"column":4},"end":{"line":112,"column":33}},"48":{"start":{"line":114,"column":4},"end":{"line":114,"column":21}},"49":{"start":{"line":123,"column":0},"end":{"line":130,"column":3}},"50":{"start":{"line":124,"column":2},"end":{"line":129,"column":3}},"51":{"start":{"line":125,"column":4},"end":{"line":125,"column":44}},"52":{"start":{"line":126,"column":4},"end":{"line":126,"column":52}},"53":{"start":{"line":128,"column":4},"end":{"line":128,"column":21}},"54":{"start":{"line":133,"column":0},"end":{"line":133,"column":24}}},"fnMap":{"0":{"name":"(anonymous_0)","decl":{"start":{"line":28,"column":30},"end":{"line":28,"column":31}},"loc":{"start":{"line":28,"column":62},"end":{"line":41,"column":1}},"line":28},"1":{"name":"(anonymous_1)","decl":{"start":{"line":32,"column":40},"end":{"line":32,"column":41}},"loc":{"start":{"line":32,"column":45},"end":{"line":32,"column":52}},"line":32},"2":{"name":"(anonymous_2)","decl":{"start":{"line":54,"column":16},"end":{"line":54,"column":17}},"loc":{"start":{"line":54,"column":48},"end":{"line":73,"column":1}},"line":54},"3":{"name":"(anonymous_3)","decl":{"start":{"line":64,"column":40},"end":{"line":64,"column":41}},"loc":{"start":{"line":64,"column":45},"end":{"line":64,"column":52}},"line":64},"4":{"name":"(anonymous_4)","decl":{"start":{"line":83,"column":23},"end":{"line":83,"column":24}},"loc":{"start":{"line":83,"column":55},"end":{"line":90,"column":1}},"line":83},"5":{"name":"(anonymous_5)","decl":{"start":{"line":103,"column":38},"end":{"line":103,"column":39}},"loc":{"start":{"line":103,"column":70},"end":{"line":116,"column":1}},"line":103},"6":{"name":"(anonymous_6)","decl":{"start":{"line":107,"column":40},"end":{"line":107,"column":41}},"loc":{"start":{"line":107,"column":45},"end":{"line":107,"column":52}},"line":107},"7":{"name":"(anonymous_7)","decl":{"start":{"line":123,"column":39},"end":{"line":123,"column":40}},"loc":{"start":{"line":123,"column":71},"end":{"line":130,"column":1}},"line":123}},"branchMap":{"0":{"loc":{"start":{"line":31,"column":4},"end":{"line":34,"column":5}},"type":"if","locations":[{"start":{"line":31,"column":4},"end":{"line":34,"column":5}},{"start":{},"end":{}}],"line":31},"1":{"loc":{"start":{"line":58,"column":2},"end":{"line":58,"column":69}},"type":"if","locations":[{"start":{"line":58,"column":2},"end":{"line":58,"column":69}},{"start":{},"end":{}}],"line":58},"2":{"loc":{"start":{"line":59,"column":2},"end":{"line":59,"column":69}},"type":"if","locations":[{"start":{"line":59,"column":2},"end":{"line":59,"column":69}},{"start":{},"end":{}}],"line":59},"3":{"loc":{"start":{"line":63,"column":4},"end":{"line":66,"column":5}},"type":"if","locations":[{"start":{"line":63,"column":4},"end":{"line":66,"column":5}},{"start":{},"end":{}}],"line":63},"4":{"loc":{"start":{"line":106,"column":4},"end":{"line":109,"column":5}},"type":"if","locations":[{"start":{"line":106,"column":4},"end":{"line":109,"column":5}},{"start":{},"end":{}}],"line":106}},"s":{"0":5,"1":5,"2":5,"3":5,"4":5,"5":5,"6":5,"7":5,"8":5,"9":5,"10":0,"11":0,"12":0,"13":0,"14":0,"15":0,"16":0,"17":0,"18":0,"19":5,"20":4,"21":4,"22":3,"23":4,"24":1,"25":4,"26":4,"27":4,"28":1,"29":1,"30":1,"31":3,"32":0,"33":4,"34":5,"35":3,"36":3,"37":2,"38":1,"39":5,"40":0,"41":0,"42":0,"43":0,"44":0,"45":0,"46":0,"47":0,"48":0,"49":5,"50":0,"51":0,"52":0,"53":0,"54":5},"f":{"0":0,"1":0,"2":4,"3":1,"4":3,"5":0,"6":0,"7":0},"b":{"0":[0,0],"1":[3,1],"2":[1,3],"3":[1,3],"4":[0,0]},"_coverageSchema":"1a1c01bbd47fc00a2c39e90264f33305004495a9","hash":"d2ef07ee8147644f340ad3ae0954b75a2ddb44e5"}
,"/Users/benjaminblackwellolmstead/Documents/Springboard/SpringboardUnitExercises/express-jobly/routes/users.js": {"path":"/Users/benjaminblackwellolmstead/Documents/Springboard/SpringboardUnitExercises/express-jobly/routes/users.js","statementMap":{"0":{"start":{"line":5,"column":19},"end":{"line":5,"column":40}},"1":{"start":{"line":7,"column":16},"end":{"line":7,"column":34}},"2":{"start":{"line":8,"column":50},"end":{"line":8,"column":79}},"3":{"start":{"line":9,"column":28},"end":{"line":9,"column":54}},"4":{"start":{"line":10,"column":13},"end":{"line":10,"column":38}},"5":{"start":{"line":11,"column":24},"end":{"line":11,"column":52}},"6":{"start":{"line":12,"column":22},"end":{"line":12,"column":56}},"7":{"start":{"line":13,"column":25},"end":{"line":13,"column":62}},"8":{"start":{"line":15,"column":15},"end":{"line":15,"column":31}},"9":{"start":{"line":30,"column":0},"end":{"line":44,"column":3}},"10":{"start":{"line":31,"column":2},"end":{"line":43,"column":3}},"11":{"start":{"line":32,"column":22},"end":{"line":32,"column":66}},"12":{"start":{"line":33,"column":4},"end":{"line":36,"column":5}},"13":{"start":{"line":34,"column":19},"end":{"line":34,"column":53}},"14":{"start":{"line":34,"column":45},"end":{"line":34,"column":52}},"15":{"start":{"line":35,"column":6},"end":{"line":35,"column":38}},"16":{"start":{"line":38,"column":17},"end":{"line":38,"column":46}},"17":{"start":{"line":39,"column":18},"end":{"line":39,"column":35}},"18":{"start":{"line":40,"column":4},"end":{"line":40,"column":49}},"19":{"start":{"line":42,"column":4},"end":{"line":42,"column":21}},"20":{"start":{"line":54,"column":0},"end":{"line":61,"column":3}},"21":{"start":{"line":55,"column":2},"end":{"line":60,"column":3}},"22":{"start":{"line":56,"column":18},"end":{"line":56,"column":38}},"23":{"start":{"line":57,"column":4},"end":{"line":57,"column":31}},"24":{"start":{"line":59,"column":4},"end":{"line":59,"column":21}},"25":{"start":{"line":72,"column":0},"end":{"line":79,"column":3}},"26":{"start":{"line":73,"column":2},"end":{"line":78,"column":3}},"27":{"start":{"line":74,"column":17},"end":{"line":74,"column":52}},"28":{"start":{"line":75,"column":4},"end":{"line":75,"column":30}},"29":{"start":{"line":77,"column":4},"end":{"line":77,"column":21}},"30":{"start":{"line":92,"column":0},"end":{"line":105,"column":3}},"31":{"start":{"line":93,"column":2},"end":{"line":104,"column":3}},"32":{"start":{"line":94,"column":22},"end":{"line":94,"column":69}},"33":{"start":{"line":95,"column":4},"end":{"line":98,"column":5}},"34":{"start":{"line":96,"column":19},"end":{"line":96,"column":53}},"35":{"start":{"line":96,"column":45},"end":{"line":96,"column":52}},"36":{"start":{"line":97,"column":6},"end":{"line":97,"column":38}},"37":{"start":{"line":100,"column":17},"end":{"line":100,"column":65}},"38":{"start":{"line":101,"column":4},"end":{"line":101,"column":30}},"39":{"start":{"line":103,"column":4},"end":{"line":103,"column":21}},"40":{"start":{"line":114,"column":0},"end":{"line":121,"column":3}},"41":{"start":{"line":115,"column":2},"end":{"line":120,"column":3}},"42":{"start":{"line":116,"column":4},"end":{"line":116,"column":43}},"43":{"start":{"line":117,"column":4},"end":{"line":117,"column":54}},"44":{"start":{"line":119,"column":4},"end":{"line":119,"column":21}},"45":{"start":{"line":130,"column":0},"end":{"line":138,"column":3}},"46":{"start":{"line":131,"column":2},"end":{"line":137,"column":3}},"47":{"start":{"line":132,"column":18},"end":{"line":132,"column":32}},"48":{"start":{"line":133,"column":4},"end":{"line":133,"column":54}},"49":{"start":{"line":134,"column":4},"end":{"line":134,"column":40}},"50":{"start":{"line":136,"column":4},"end":{"line":136,"column":21}},"51":{"start":{"line":141,"column":0},"end":{"line":141,"column":24}}},"fnMap":{"0":{"name":"(anonymous_0)","decl":{"start":{"line":30,"column":30},"end":{"line":30,"column":31}},"loc":{"start":{"line":30,"column":62},"end":{"line":44,"column":1}},"line":30},"1":{"name":"(anonymous_1)","decl":{"start":{"line":34,"column":40},"end":{"line":34,"column":41}},"loc":{"start":{"line":34,"column":45},"end":{"line":34,"column":52}},"line":34},"2":{"name":"(anonymous_2)","decl":{"start":{"line":54,"column":29},"end":{"line":54,"column":30}},"loc":{"start":{"line":54,"column":61},"end":{"line":61,"column":1}},"line":54},"3":{"name":"(anonymous_3)","decl":{"start":{"line":72,"column":51},"end":{"line":72,"column":52}},"loc":{"start":{"line":72,"column":83},"end":{"line":79,"column":1}},"line":72},"4":{"name":"(anonymous_4)","decl":{"start":{"line":92,"column":53},"end":{"line":92,"column":54}},"loc":{"start":{"line":92,"column":85},"end":{"line":105,"column":1}},"line":92},"5":{"name":"(anonymous_5)","decl":{"start":{"line":96,"column":40},"end":{"line":96,"column":41}},"loc":{"start":{"line":96,"column":45},"end":{"line":96,"column":52}},"line":96},"6":{"name":"(anonymous_6)","decl":{"start":{"line":114,"column":54},"end":{"line":114,"column":55}},"loc":{"start":{"line":114,"column":86},"end":{"line":121,"column":1}},"line":114},"7":{"name":"(anonymous_7)","decl":{"start":{"line":130,"column":61},"end":{"line":130,"column":62}},"loc":{"start":{"line":130,"column":93},"end":{"line":138,"column":1}},"line":130}},"branchMap":{"0":{"loc":{"start":{"line":33,"column":4},"end":{"line":36,"column":5}},"type":"if","locations":[{"start":{"line":33,"column":4},"end":{"line":36,"column":5}},{"start":{},"end":{}}],"line":33},"1":{"loc":{"start":{"line":95,"column":4},"end":{"line":98,"column":5}},"type":"if","locations":[{"start":{"line":95,"column":4},"end":{"line":98,"column":5}},{"start":{},"end":{}}],"line":95}},"s":{"0":5,"1":5,"2":5,"3":5,"4":5,"5":5,"6":5,"7":5,"8":5,"9":5,"10":0,"11":0,"12":0,"13":0,"14":0,"15":0,"16":0,"17":0,"18":0,"19":0,"20":5,"21":0,"22":0,"23":0,"24":0,"25":5,"26":3,"27":3,"28":2,"29":1,"30":5,"31":5,"32":5,"33":5,"34":1,"35":1,"36":1,"37":4,"38":3,"39":2,"40":5,"41":3,"42":3,"43":2,"44":1,"45":5,"46":0,"47":0,"48":0,"49":0,"50":0,"51":5},"f":{"0":0,"1":0,"2":0,"3":3,"4":5,"5":1,"6":3,"7":0},"b":{"0":[0,0],"1":[1,4]},"_coverageSchema":"1a1c01bbd47fc00a2c39e90264f33305004495a9","hash":"05e8fff57111e97e3db20038e30fe285138c8da6"}
}
