TN:
SF:app.js
FN:30,(anonymous_0)
FN:35,(anonymous_1)
FNF:2
FNH:2
FNDA:9,(anonymous_0)
FNDA:53,(anonymous_1)
DA:5,5
DA:6,5
DA:8,5
DA:10,5
DA:11,5
DA:12,5
DA:13,5
DA:15,5
DA:17,5
DA:19,5
DA:20,5
DA:21,5
DA:22,5
DA:24,5
DA:25,5
DA:26,5
DA:30,5
DA:31,9
DA:35,5
DA:36,53
DA:37,53
DA:38,53
DA:40,53
DA:45,5
LF:24
LH:24
BRDA:36,0,0,1
BRDA:36,0,1,52
BRDA:37,1,0,53
BRDA:37,1,1,23
BRF:4
BRH:4
end_of_record
TN:
SF:config.js
FN:13,getDatabaseUri
FNF:1
FNH:1
FNDA:21,getDatabaseUri
DA:5,11
DA:6,11
DA:8,11
DA:10,11
DA:14,21
DA:22,11
DA:24,11
DA:25,11
DA:26,11
DA:27,11
DA:28,11
DA:29,11
DA:31,11
LF:13
LH:13
BRDA:8,0,0,11
BRDA:8,0,1,10
BRDA:10,1,0,11
BRDA:10,1,1,10
BRDA:14,2,0,18
BRDA:14,2,1,3
BRDA:16,3,0,3
BRDA:16,3,1,1
BRDA:22,4,0,10
BRDA:22,4,1,1
BRF:10
BRH:10
end_of_record
TN:
SF:db.js
FNF:0
FNH:0
DA:3,8
DA:4,8
DA:8,8
DA:9,0
DA:16,8
DA:21,8
DA:23,8
LF:7
LH:6
BRDA:8,0,0,0
BRDA:8,0,1,8
BRF:2
BRH:1
end_of_record
TN:
SF:expressError.js
FN:8,(anonymous_0)
FN:18,(anonymous_1)
FN:26,(anonymous_2)
FN:34,(anonymous_3)
FN:42,(anonymous_4)
FNF:5
FNH:4
FNDA:47,(anonymous_0)
FNDA:22,(anonymous_1)
FNDA:14,(anonymous_2)
FNDA:11,(anonymous_3)
FNDA:0,(anonymous_4)
DA:9,47
DA:10,47
DA:11,47
DA:19,22
DA:27,14
DA:35,11
DA:43,0
DA:47,10
LF:8
LH:7
BRDA:18,0,0,9
BRDA:26,1,0,10
BRDA:34,2,0,0
BRDA:42,3,0,0
BRF:4
BRH:2
end_of_record
TN:
SF:helpers/sql.js
FN:14,sqlForPartialUpdate
FN:20,(anonymous_1)
FNF:2
FNH:2
FNDA:15,sqlForPartialUpdate
FNDA:26,(anonymous_1)
DA:1,9
DA:15,15
DA:17,15
DA:20,13
DA:21,26
DA:24,13
DA:30,9
LF:7
LH:7
BRDA:17,0,0,2
BRDA:17,0,1,13
BRDA:21,1,0,26
BRDA:21,1,1,11
BRF:4
BRH:4
end_of_record
TN:
SF:helpers/tokens.js
FN:6,createToken
FNF:1
FNH:1
FNDA:17,createToken
DA:1,6
DA:2,6
DA:7,17
DA:10,17
DA:15,17
DA:18,6
LF:6
LH:6
BRDA:12,0,0,17
BRDA:12,0,1,12
BRF:2
BRH:2
end_of_record
TN:
SF:middleware/auth.js
FN:18,authenticateJWT
FN:36,ensureLoggedIn
FN:50,ensureAdmin
FN:68,ensureCorrectUserOrAdmin
FNF:4
FNH:4
FNDA:67,authenticateJWT
FNDA:2,ensureLoggedIn
FNDA:24,ensureAdmin
FNDA:16,ensureCorrectUserOrAdmin
DA:5,6
DA:6,6
DA:7,6
DA:19,67
DA:20,67
DA:21,67
DA:22,41
DA:23,41
DA:25,65
DA:27,2
DA:37,2
DA:38,2
DA:39,1
DA:41,1
DA:51,24
DA:52,24
DA:53,4
DA:55,0
DA:57,24
DA:69,16
DA:70,16
DA:71,16
DA:72,5
DA:74,11
DA:76,5
DA:80,6
LF:26
LH:25
BRDA:20,0,0,67
BRDA:20,0,1,66
BRDA:21,1,0,41
BRDA:21,1,1,26
BRDA:38,2,0,1
BRDA:38,2,1,1
BRDA:52,3,0,4
BRDA:52,3,1,0
BRDA:52,4,0,24
BRDA:52,4,1,20
BRDA:71,5,0,5
BRDA:71,5,1,11
BRDA:71,6,0,16
BRDA:71,6,1,13
BRDA:71,6,2,5
BRF:15
BRH:14
end_of_record
TN:
SF:models/_testCommon.js
FN:6,commonBeforeAll
FN:33,commonBeforeEach
FN:37,commonAfterEach
FN:41,commonAfterAll
FNF:4
FNH:4
FNDA:3,commonBeforeAll
FNDA:48,commonBeforeEach
FNDA:48,commonAfterEach
FNDA:3,commonAfterAll
DA:1,3
DA:3,3
DA:4,3
DA:8,3
DA:10,3
DA:12,3
DA:18,3
DA:34,48
DA:38,48
DA:42,3
DA:46,3
LF:11
LH:11
BRF:0
BRH:0
end_of_record
TN:
SF:models/company.js
FN:19,(anonymous_0)
FN:57,(anonymous_1)
FN:109,(anonymous_2)
FN:139,(anonymous_3)
FN:169,(anonymous_4)
FNF:5
FNH:5
FNDA:15,(anonymous_0)
FNDA:10,(anonymous_1)
FNDA:5,(anonymous_2)
FNDA:4,(anonymous_3)
FNDA:2,(anonymous_4)
DA:3,6
DA:4,6
DA:5,6
DA:20,15
DA:26,15
DA:27,1
DA:29,14
DA:42,14
DA:44,14
DA:58,10
DA:64,10
DA:65,10
DA:67,10
DA:69,10
DA:70,1
DA:75,9
DA:76,4
DA:77,4
DA:80,9
DA:81,4
DA:82,4
DA:85,9
DA:86,3
DA:87,3
DA:90,9
DA:91,6
DA:96,9
DA:97,9
DA:98,0
DA:110,5
DA:120,5
DA:122,5
DA:124,3
DA:140,4
DA:146,3
DA:148,3
DA:156,3
DA:157,3
DA:159,3
DA:161,2
DA:170,2
DA:176,2
DA:178,2
DA:183,6
LF:44
LH:43
BRDA:26,0,0,1
BRDA:26,0,1,14
BRDA:57,1,0,1
BRDA:69,2,0,1
BRDA:69,2,1,9
BRDA:75,3,0,4
BRDA:75,3,1,5
BRDA:80,4,0,4
BRDA:80,4,1,5
BRDA:85,5,0,3
BRDA:85,5,1,6
BRDA:90,6,0,6
BRDA:90,6,1,3
BRDA:122,7,0,2
BRDA:122,7,1,3
BRDA:159,8,0,1
BRDA:159,8,1,2
BRDA:178,9,0,1
BRDA:178,9,1,1
BRF:19
BRH:19
end_of_record
TN:
SF:models/job.js
FN:17,(anonymous_0)
FN:47,(anonymous_1)
FN:91,(anonymous_2)
FN:131,(anonymous_3)
FN:157,(anonymous_4)
FNF:5
FNH:5
FNDA:1,(anonymous_0)
FNDA:5,(anonymous_1)
FNDA:1,(anonymous_2)
FNDA:1,(anonymous_3)
FNDA:1,(anonymous_4)
DA:3,1
DA:4,1
DA:5,1
DA:18,1
DA:32,0
DA:34,0
DA:48,5
DA:56,5
DA:57,5
DA:62,5
DA:63,2
DA:64,2
DA:67,5
DA:68,2
DA:71,5
DA:72,3
DA:77,5
DA:78,5
DA:79,5
DA:92,1
DA:100,0
DA:102,0
DA:104,0
DA:113,0
DA:114,0
DA:116,0
DA:132,1
DA:135,1
DA:137,1
DA:145,1
DA:146,1
DA:148,1
DA:150,0
DA:158,1
DA:163,1
DA:165,1
DA:169,1
LF:37
LH:28
BRDA:47,0,0,1
BRDA:62,1,0,2
BRDA:62,1,1,3
BRDA:67,2,0,2
BRDA:67,2,1,3
BRDA:71,3,0,3
BRDA:71,3,1,2
BRDA:102,4,0,0
BRDA:102,4,1,0
BRDA:148,5,0,1
BRDA:148,5,1,0
BRDA:165,6,0,1
BRDA:165,6,1,0
BRF:13
BRH:9
end_of_record
TN:
SF:models/user.js
FN:24,(anonymous_0)
FN:59,(anonymous_1)
FN:104,(anonymous_2)
FN:126,(anonymous_3)
FN:147,(anonymous_4)
FN:168,(anonymous_5)
FN:201,(anonymous_6)
FN:220,(anonymous_7)
FNF:8
FNH:7
FNDA:7,(anonymous_0)
FNDA:17,(anonymous_1)
FNDA:1,(anonymous_2)
FNDA:5,(anonymous_3)
FNDA:0,(anonymous_4)
FNDA:8,(anonymous_5)
FNDA:5,(anonymous_6)
FNDA:1,(anonymous_7)
DA:3,6
DA:4,6
DA:5,6
DA:10,6
DA:12,6
DA:26,7
DA:38,7
DA:40,7
DA:42,4
DA:43,4
DA:44,3
DA:45,3
DA:49,4
DA:61,17
DA:68,17
DA:69,1
DA:72,16
DA:74,16
DA:94,16
DA:96,16
DA:105,1
DA:115,1
DA:127,5
DA:138,5
DA:140,5
DA:142,3
DA:147,3
DA:148,3
DA:169,8
DA:170,2
DA:173,8
DA:180,7
DA:182,7
DA:190,7
DA:191,7
DA:193,7
DA:195,5
DA:196,5
DA:202,5
DA:209,5
DA:211,5
DA:221,1
DA:225,1
DA:227,1
DA:229,0
DA:237,6
LF:46
LH:45
BRDA:40,0,0,4
BRDA:40,0,1,3
BRDA:43,1,0,3
BRDA:43,1,1,1
BRDA:68,2,0,1
BRDA:68,2,1,16
BRDA:140,3,0,2
BRDA:140,3,1,3
BRDA:169,4,0,2
BRDA:169,4,1,6
BRDA:193,5,0,2
BRDA:193,5,1,5
BRDA:211,6,0,2
BRDA:211,6,1,3
BRDA:227,7,0,1
BRDA:227,7,1,0
BRF:16
BRH:15
end_of_record
TN:
SF:routes/_testCommon.js
FN:8,commonBeforeAll
FN:65,commonBeforeEach
FN:69,commonAfterEach
FN:73,commonAfterAll
FNF:4
FNH:4
FNDA:4,commonBeforeAll
FNDA:70,commonBeforeEach
FNDA:70,commonAfterEach
FNDA:4,commonAfterAll
DA:3,4
DA:4,4
DA:5,4
DA:6,4
DA:10,4
DA:12,4
DA:14,4
DA:22,4
DA:30,4
DA:39,4
DA:47,4
DA:55,4
DA:66,70
DA:70,70
DA:74,4
DA:78,4
DA:79,4
DA:80,4
DA:82,4
LF:19
LH:19
BRF:0
BRH:0
end_of_record
TN:
SF:routes/auth.js
FN:22,(anonymous_0)
FN:26,(anonymous_1)
FN:49,(anonymous_2)
FN:53,(anonymous_3)
FNF:4
FNH:4
FNDA:5,(anonymous_0)
FNDA:2,(anonymous_1)
FNDA:3,(anonymous_2)
FNDA:5,(anonymous_3)
DA:5,5
DA:7,5
DA:8,5
DA:9,5
DA:10,5
DA:11,5
DA:12,5
DA:13,5
DA:22,5
DA:23,5
DA:24,5
DA:25,5
DA:26,2
DA:27,2
DA:30,3
DA:31,3
DA:32,1
DA:33,1
DA:35,4
DA:49,5
DA:50,3
DA:51,3
DA:52,3
DA:53,5
DA:54,2
DA:57,1
DA:58,1
DA:59,1
DA:61,2
DA:66,5
LF:30
LH:30
BRDA:25,0,0,2
BRDA:25,0,1,3
BRDA:52,1,0,2
BRDA:52,1,1,1
BRF:4
BRH:4
end_of_record
TN:
SF:routes/companies.js
FN:28,(anonymous_0)
FN:32,(anonymous_1)
FN:54,(anonymous_2)
FN:64,(anonymous_3)
FN:83,(anonymous_4)
FN:103,(anonymous_5)
FN:107,(anonymous_6)
FN:123,(anonymous_7)
FNF:8
FNH:3
FNDA:0,(anonymous_0)
FNDA:0,(anonymous_1)
FNDA:4,(anonymous_2)
FNDA:1,(anonymous_3)
FNDA:3,(anonymous_4)
FNDA:0,(anonymous_5)
FNDA:0,(anonymous_6)
FNDA:0,(anonymous_7)
DA:5,5
DA:6,5
DA:8,5
DA:9,5
DA:10,5
DA:12,5
DA:13,5
DA:14,5
DA:16,5
DA:28,5
DA:29,0
DA:30,0
DA:31,0
DA:32,0
DA:33,0
DA:36,0
DA:37,0
DA:39,0
DA:54,5
DA:55,4
DA:58,4
DA:59,4
DA:61,4
DA:62,4
DA:63,4
DA:64,1
DA:65,1
DA:68,3
DA:69,0
DA:71,4
DA:83,5
DA:84,3
DA:85,3
DA:86,2
DA:88,1
DA:103,5
DA:104,0
DA:105,0
DA:106,0
DA:107,0
DA:108,0
DA:111,0
DA:112,0
DA:114,0
DA:123,5
DA:124,0
DA:125,0
DA:126,0
DA:128,0
DA:133,5
LF:50
LH:29
BRDA:31,0,0,0
BRDA:31,0,1,0
BRDA:58,1,0,3
BRDA:58,1,1,1
BRDA:59,2,0,1
BRDA:59,2,1,3
BRDA:63,3,0,1
BRDA:63,3,1,3
BRDA:106,4,0,0
BRDA:106,4,1,0
BRF:10
BRH:6
end_of_record
TN:
SF:routes/users.js
FN:30,(anonymous_0)
FN:34,(anonymous_1)
FN:54,(anonymous_2)
FN:72,(anonymous_3)
FN:92,(anonymous_4)
FN:96,(anonymous_5)
FN:114,(anonymous_6)
FN:130,(anonymous_7)
FNF:8
FNH:4
FNDA:0,(anonymous_0)
FNDA:0,(anonymous_1)
FNDA:0,(anonymous_2)
FNDA:3,(anonymous_3)
FNDA:5,(anonymous_4)
FNDA:1,(anonymous_5)
FNDA:3,(anonymous_6)
FNDA:0,(anonymous_7)
DA:5,5
DA:7,5
DA:8,5
DA:9,5
DA:10,5
DA:11,5
DA:12,5
DA:13,5
DA:15,5
DA:30,5
DA:31,0
DA:32,0
DA:33,0
DA:34,0
DA:35,0
DA:38,0
DA:39,0
DA:40,0
DA:42,0
DA:54,5
DA:55,0
DA:56,0
DA:57,0
DA:59,0
DA:72,5
DA:73,3
DA:74,3
DA:75,2
DA:77,1
DA:92,5
DA:93,5
DA:94,5
DA:95,5
DA:96,1
DA:97,1
DA:100,4
DA:101,3
DA:103,2
DA:114,5
DA:115,3
DA:116,3
DA:117,2
DA:119,1
DA:130,5
DA:131,0
DA:132,0
DA:133,0
DA:134,0
DA:136,0
DA:141,5
LF:50
LH:32
BRDA:33,0,0,0
BRDA:33,0,1,0
BRDA:95,1,0,1
BRDA:95,1,1,4
BRF:4
BRH:2
end_of_record
